Analysis & Synthesis report for ArithmaticLogicUnit
Thu Apr 12 16:48:30 2018
Quartus II 64-Bit Version 13.0.1 Build 232 06/12/2013 Service Pack 1 SJ Web Edition


---------------------
; Table of Contents ;
---------------------
  1. Legal Notice
  2. Analysis & Synthesis Summary
  3. Analysis & Synthesis Settings
  4. Parallel Compilation
  5. Analysis & Synthesis Source Files Read
  6. Analysis & Synthesis Resource Usage Summary
  7. Analysis & Synthesis Resource Utilization by Entity
  8. Analysis & Synthesis IP Cores Summary
  9. Registers Removed During Synthesis
 10. General Register Statistics
 11. Parameter Settings for User Entity Instance: lpm_mux0:inst|lpm_mux:LPM_MUX_component
 12. Parameter Settings for User Entity Instance: ShiftFunction:inst3|lpm_mux1:inst2|lpm_mux:LPM_MUX_component
 13. Parameter Settings for User Entity Instance: ShiftFunction:inst3|lpm_mux1:inst1|lpm_mux:LPM_MUX_component
 14. Parameter Settings for User Entity Instance: ShiftFunction:inst3|lpm_mux1:inst3|lpm_mux:LPM_MUX_component
 15. Parameter Settings for User Entity Instance: ShiftFunction:inst3|lpm_mux1:inst|lpm_mux:LPM_MUX_component
 16. Parameter Settings for User Entity Instance: ShiftFunction:inst7|lpm_mux1:inst2|lpm_mux:LPM_MUX_component
 17. Parameter Settings for User Entity Instance: ShiftFunction:inst7|lpm_mux1:inst1|lpm_mux:LPM_MUX_component
 18. Parameter Settings for User Entity Instance: ShiftFunction:inst7|lpm_mux1:inst3|lpm_mux:LPM_MUX_component
 19. Parameter Settings for User Entity Instance: ShiftFunction:inst7|lpm_mux1:inst|lpm_mux:LPM_MUX_component
 20. Elapsed Time Per Partition
 21. Analysis & Synthesis Messages



----------------
; Legal Notice ;
----------------
Copyright (C) 1991-2013 Altera Corporation
Your use of Altera Corporation's design tools, logic functions 
and other software and tools, and its AMPP partner logic 
functions, and any output files from any of the foregoing 
(including device programming or simulation files), and any 
associated documentation or information are expressly subject 
to the terms and conditions of the Altera Program License 
Subscription Agreement, Altera MegaCore Function License 
Agreement, or other applicable license agreement, including, 
without limitation, that your use is for the sole purpose of 
programming logic devices manufactured by Altera and sold by 
Altera or its authorized distributors.  Please refer to the 
applicable agreement for further details.



+--------------------------------------------------------------------------------------+
; Analysis & Synthesis Summary                                                         ;
+------------------------------------+-------------------------------------------------+
; Analysis & Synthesis Status        ; Successful - Thu Apr 12 16:48:30 2018           ;
; Quartus II 64-Bit Version          ; 13.0.1 Build 232 06/12/2013 SP 1 SJ Web Edition ;
; Revision Name                      ; ArithmaticLogicUnit                             ;
; Top-level Entity Name              ; ArithmaticLogicUnit                             ;
; Family                             ; Cyclone III                                     ;
; Total logic elements               ; 37                                              ;
;     Total combinational functions  ; 31                                              ;
;     Dedicated logic registers      ; 18                                              ;
; Total registers                    ; 18                                              ;
; Total pins                         ; 26                                              ;
; Total virtual pins                 ; 0                                               ;
; Total memory bits                  ; 0                                               ;
; Embedded Multiplier 9-bit elements ; 0                                               ;
; Total PLLs                         ; 0                                               ;
+------------------------------------+-------------------------------------------------+


+------------------------------------------------------------------------------------------------------------------------+
; Analysis & Synthesis Settings                                                                                          ;
+----------------------------------------------------------------------------+---------------------+---------------------+
; Option                                                                     ; Setting             ; Default Value       ;
+----------------------------------------------------------------------------+---------------------+---------------------+
; Device                                                                     ; EP3C16F484C6        ;                     ;
; Top-level entity name                                                      ; ArithmaticLogicUnit ; ArithmaticLogicUnit ;
; Family name                                                                ; Cyclone III         ; Cyclone IV GX       ;
; Use smart compilation                                                      ; Off                 ; Off                 ;
; Enable parallel Assembler and TimeQuest Timing Analyzer during compilation ; On                  ; On                  ;
; Enable compact report table                                                ; Off                 ; Off                 ;
; Restructure Multiplexers                                                   ; Auto                ; Auto                ;
; Create Debugging Nodes for IP Cores                                        ; Off                 ; Off                 ;
; Preserve fewer node names                                                  ; On                  ; On                  ;
; Disable OpenCore Plus hardware evaluation                                  ; Off                 ; Off                 ;
; Verilog Version                                                            ; Verilog_2001        ; Verilog_2001        ;
; VHDL Version                                                               ; VHDL_1993           ; VHDL_1993           ;
; State Machine Processing                                                   ; Auto                ; Auto                ;
; Safe State Machine                                                         ; Off                 ; Off                 ;
; Extract Verilog State Machines                                             ; On                  ; On                  ;
; Extract VHDL State Machines                                                ; On                  ; On                  ;
; Ignore Verilog initial constructs                                          ; Off                 ; Off                 ;
; Iteration limit for constant Verilog loops                                 ; 5000                ; 5000                ;
; Iteration limit for non-constant Verilog loops                             ; 250                 ; 250                 ;
; Add Pass-Through Logic to Inferred RAMs                                    ; On                  ; On                  ;
; Infer RAMs from Raw Logic                                                  ; On                  ; On                  ;
; Parallel Synthesis                                                         ; On                  ; On                  ;
; DSP Block Balancing                                                        ; Auto                ; Auto                ;
; NOT Gate Push-Back                                                         ; On                  ; On                  ;
; Power-Up Don't Care                                                        ; On                  ; On                  ;
; Remove Redundant Logic Cells                                               ; Off                 ; Off                 ;
; Remove Duplicate Registers                                                 ; On                  ; On                  ;
; Ignore CARRY Buffers                                                       ; Off                 ; Off                 ;
; Ignore CASCADE Buffers                                                     ; Off                 ; Off                 ;
; Ignore GLOBAL Buffers                                                      ; Off                 ; Off                 ;
; Ignore ROW GLOBAL Buffers                                                  ; Off                 ; Off                 ;
; Ignore LCELL Buffers                                                       ; Off                 ; Off                 ;
; Ignore SOFT Buffers                                                        ; On                  ; On                  ;
; Limit AHDL Integers to 32 Bits                                             ; Off                 ; Off                 ;
; Optimization Technique                                                     ; Balanced            ; Balanced            ;
; Carry Chain Length                                                         ; 70                  ; 70                  ;
; Auto Carry Chains                                                          ; On                  ; On                  ;
; Auto Open-Drain Pins                                                       ; On                  ; On                  ;
; Perform WYSIWYG Primitive Resynthesis                                      ; Off                 ; Off                 ;
; Auto ROM Replacement                                                       ; On                  ; On                  ;
; Auto RAM Replacement                                                       ; On                  ; On                  ;
; Auto DSP Block Replacement                                                 ; On                  ; On                  ;
; Auto Shift Register Replacement                                            ; Auto                ; Auto                ;
; Allow Shift Register Merging across Hierarchies                            ; Auto                ; Auto                ;
; Auto Clock Enable Replacement                                              ; On                  ; On                  ;
; Strict RAM Replacement                                                     ; Off                 ; Off                 ;
; Allow Synchronous Control Signals                                          ; On                  ; On                  ;
; Force Use of Synchronous Clear Signals                                     ; Off                 ; Off                 ;
; Auto RAM Block Balancing                                                   ; On                  ; On                  ;
; Auto RAM to Logic Cell Conversion                                          ; Off                 ; Off                 ;
; Auto Resource Sharing                                                      ; Off                 ; Off                 ;
; Allow Any RAM Size For Recognition                                         ; Off                 ; Off                 ;
; Allow Any ROM Size For Recognition                                         ; Off                 ; Off                 ;
; Allow Any Shift Register Size For Recognition                              ; Off                 ; Off                 ;
; Use LogicLock Constraints during Resource Balancing                        ; On                  ; On                  ;
; Ignore translate_off and synthesis_off directives                          ; Off                 ; Off                 ;
; Timing-Driven Synthesis                                                    ; On                  ; On                  ;
; Report Parameter Settings                                                  ; On                  ; On                  ;
; Report Source Assignments                                                  ; On                  ; On                  ;
; Report Connectivity Checks                                                 ; On                  ; On                  ;
; Ignore Maximum Fan-Out Assignments                                         ; Off                 ; Off                 ;
; Synchronization Register Chain Length                                      ; 2                   ; 2                   ;
; PowerPlay Power Optimization                                               ; Normal compilation  ; Normal compilation  ;
; HDL message level                                                          ; Level2              ; Level2              ;
; Suppress Register Optimization Related Messages                            ; Off                 ; Off                 ;
; Number of Removed Registers Reported in Synthesis Report                   ; 5000                ; 5000                ;
; Number of Swept Nodes Reported in Synthesis Report                         ; 5000                ; 5000                ;
; Number of Inverted Registers Reported in Synthesis Report                  ; 100                 ; 100                 ;
; Clock MUX Protection                                                       ; On                  ; On                  ;
; Auto Gated Clock Conversion                                                ; Off                 ; Off                 ;
; Block Design Naming                                                        ; Auto                ; Auto                ;
; SDC constraint protection                                                  ; Off                 ; Off                 ;
; Synthesis Effort                                                           ; Auto                ; Auto                ;
; Shift Register Replacement - Allow Asynchronous Clear Signal               ; On                  ; On                  ;
; Pre-Mapping Resynthesis Optimization                                       ; Off                 ; Off                 ;
; Analysis & Synthesis Message Level                                         ; Medium              ; Medium              ;
; Disable Register Merging Across Hierarchies                                ; Auto                ; Auto                ;
; Resource Aware Inference For Block RAM                                     ; On                  ; On                  ;
; Synthesis Seed                                                             ; 1                   ; 1                   ;
+----------------------------------------------------------------------------+---------------------+---------------------+


Parallel compilation was disabled, but you have multiple processors available. Enable parallel compilation to reduce compilation time.
+-------------------------------------+
; Parallel Compilation                ;
+----------------------------+--------+
; Processors                 ; Number ;
+----------------------------+--------+
; Number detected on machine ; 8      ;
; Maximum allowed            ; 1      ;
+----------------------------+--------+


+-------------------------------------------------------------------------------------------------------------------------------------------------------------------------------+
; Analysis & Synthesis Source Files Read                                                                                                                                        ;
+----------------------------------+-----------------+------------------------------------+---------------------------------------------------------------------------+---------+
; File Name with User-Entered Path ; Used in Netlist ; File Type                          ; File Name with Absolute Path                                              ; Library ;
+----------------------------------+-----------------+------------------------------------+---------------------------------------------------------------------------+---------+
; ArithmaticLogicUnit.bdf          ; yes             ; User Block Diagram/Schematic File  ; C:/Users/ABRA A5/Desktop/Queartus Projects/CA_ALU/ArithmaticLogicUnit.bdf ;         ;
; FullAdder.bdf                    ; yes             ; User Block Diagram/Schematic File  ; C:/Users/ABRA A5/Desktop/Queartus Projects/CA_ALU/FullAdder.bdf           ;         ;
; FourBitFullAdder.bdf             ; yes             ; User Block Diagram/Schematic File  ; C:/Users/ABRA A5/Desktop/Queartus Projects/CA_ALU/FourBitFullAdder.bdf    ;         ;
; ShiftFunction.bdf                ; yes             ; User Block Diagram/Schematic File  ; C:/Users/ABRA A5/Desktop/Queartus Projects/CA_ALU/ShiftFunction.bdf       ;         ;
; lpm_mux0.tdf                     ; yes             ; Auto-Found Wizard-Generated File   ; C:/Users/ABRA A5/Desktop/Queartus Projects/CA_ALU/lpm_mux0.tdf            ;         ;
; lpm_mux.inc                      ; yes             ; Auto-Found AHDL File               ; c:/altera/13.0sp1/quartus/libraries/megafunctions/lpm_mux.inc             ;         ;
; lpm_mux.tdf                      ; yes             ; Megafunction                       ; c:/altera/13.0sp1/quartus/libraries/megafunctions/lpm_mux.tdf             ;         ;
; aglobal130.inc                   ; yes             ; Megafunction                       ; c:/altera/13.0sp1/quartus/libraries/megafunctions/aglobal130.inc          ;         ;
; muxlut.inc                       ; yes             ; Megafunction                       ; c:/altera/13.0sp1/quartus/libraries/megafunctions/muxlut.inc              ;         ;
; bypassff.inc                     ; yes             ; Megafunction                       ; c:/altera/13.0sp1/quartus/libraries/megafunctions/bypassff.inc            ;         ;
; altshift.inc                     ; yes             ; Megafunction                       ; c:/altera/13.0sp1/quartus/libraries/megafunctions/altshift.inc            ;         ;
; db/mux_gpe.tdf                   ; yes             ; Auto-Generated Megafunction        ; C:/Users/ABRA A5/Desktop/Queartus Projects/CA_ALU/db/mux_gpe.tdf          ;         ;
; lpm_mux1.tdf                     ; yes             ; Auto-Found Wizard-Generated File   ; C:/Users/ABRA A5/Desktop/Queartus Projects/CA_ALU/lpm_mux1.tdf            ;         ;
; db/mux_mne.tdf                   ; yes             ; Auto-Generated Megafunction        ; C:/Users/ABRA A5/Desktop/Queartus Projects/CA_ALU/db/mux_mne.tdf          ;         ;
+----------------------------------+-----------------+------------------------------------+---------------------------------------------------------------------------+---------+


+---------------------------------------------------------+
; Analysis & Synthesis Resource Usage Summary             ;
+---------------------------------------------+-----------+
; Resource                                    ; Usage     ;
+---------------------------------------------+-----------+
; Estimated Total logic elements              ; 37        ;
;                                             ;           ;
; Total combinational functions               ; 31        ;
; Logic element usage by number of LUT inputs ;           ;
;     -- 4 input functions                    ; 24        ;
;     -- 3 input functions                    ; 6         ;
;     -- <=2 input functions                  ; 1         ;
;                                             ;           ;
; Logic elements by mode                      ;           ;
;     -- normal mode                          ; 31        ;
;     -- arithmetic mode                      ; 0         ;
;                                             ;           ;
; Total registers                             ; 18        ;
;     -- Dedicated logic registers            ; 18        ;
;     -- I/O registers                        ; 0         ;
;                                             ;           ;
; I/O pins                                    ; 26        ;
; Embedded Multiplier 9-bit elements          ; 0         ;
; Maximum fan-out node                        ; CLK~input ;
; Maximum fan-out                             ; 18        ;
; Total fan-out                               ; 187       ;
; Average fan-out                             ; 1.85      ;
+---------------------------------------------+-----------+


+----------------------------------------------------------------------------------------------------------------------------------------------------------------------------------------------------------------------------------------------------------------------------+
; Analysis & Synthesis Resource Utilization by Entity                                                                                                                                                                                                                        ;
+--------------------------------------+-------------------+--------------+-------------+--------------+---------+-----------+------+--------------+----------------------------------------------------------------------------------------------------------+--------------+
; Compilation Hierarchy Node           ; LC Combinationals ; LC Registers ; Memory Bits ; DSP Elements ; DSP 9x9 ; DSP 18x18 ; Pins ; Virtual Pins ; Full Hierarchy Name                                                                                      ; Library Name ;
+--------------------------------------+-------------------+--------------+-------------+--------------+---------+-----------+------+--------------+----------------------------------------------------------------------------------------------------------+--------------+
; |ArithmaticLogicUnit                 ; 31 (0)            ; 18 (0)       ; 0           ; 0            ; 0       ; 0         ; 26   ; 0            ; |ArithmaticLogicUnit                                                                                     ; work         ;
;    |FourBitFullAdder:inst10|         ; 7 (0)             ; 0 (0)        ; 0           ; 0            ; 0       ; 0         ; 0    ; 0            ; |ArithmaticLogicUnit|FourBitFullAdder:inst10                                                             ; work         ;
;       |FullAdder:inst1|              ; 2 (2)             ; 0 (0)        ; 0           ; 0            ; 0       ; 0         ; 0    ; 0            ; |ArithmaticLogicUnit|FourBitFullAdder:inst10|FullAdder:inst1                                             ; work         ;
;       |FullAdder:inst2|              ; 3 (3)             ; 0 (0)        ; 0           ; 0            ; 0       ; 0         ; 0    ; 0            ; |ArithmaticLogicUnit|FourBitFullAdder:inst10|FullAdder:inst2                                             ; work         ;
;       |FullAdder:inst3|              ; 2 (2)             ; 0 (0)        ; 0           ; 0            ; 0       ; 0         ; 0    ; 0            ; |ArithmaticLogicUnit|FourBitFullAdder:inst10|FullAdder:inst3                                             ; work         ;
;    |ShiftFunction:inst3|             ; 0 (0)             ; 4 (0)        ; 0           ; 0            ; 0       ; 0         ; 0    ; 0            ; |ArithmaticLogicUnit|ShiftFunction:inst3                                                                 ; work         ;
;       |lpm_mux1:inst1|               ; 0 (0)             ; 1 (0)        ; 0           ; 0            ; 0       ; 0         ; 0    ; 0            ; |ArithmaticLogicUnit|ShiftFunction:inst3|lpm_mux1:inst1                                                  ; work         ;
;          |lpm_mux:LPM_MUX_component| ; 0 (0)             ; 1 (0)        ; 0           ; 0            ; 0       ; 0         ; 0    ; 0            ; |ArithmaticLogicUnit|ShiftFunction:inst3|lpm_mux1:inst1|lpm_mux:LPM_MUX_component                        ; work         ;
;             |mux_mne:auto_generated| ; 0 (0)             ; 1 (1)        ; 0           ; 0            ; 0       ; 0         ; 0    ; 0            ; |ArithmaticLogicUnit|ShiftFunction:inst3|lpm_mux1:inst1|lpm_mux:LPM_MUX_component|mux_mne:auto_generated ; work         ;
;       |lpm_mux1:inst2|               ; 0 (0)             ; 1 (0)        ; 0           ; 0            ; 0       ; 0         ; 0    ; 0            ; |ArithmaticLogicUnit|ShiftFunction:inst3|lpm_mux1:inst2                                                  ; work         ;
;          |lpm_mux:LPM_MUX_component| ; 0 (0)             ; 1 (0)        ; 0           ; 0            ; 0       ; 0         ; 0    ; 0            ; |ArithmaticLogicUnit|ShiftFunction:inst3|lpm_mux1:inst2|lpm_mux:LPM_MUX_component                        ; work         ;
;             |mux_mne:auto_generated| ; 0 (0)             ; 1 (1)        ; 0           ; 0            ; 0       ; 0         ; 0    ; 0            ; |ArithmaticLogicUnit|ShiftFunction:inst3|lpm_mux1:inst2|lpm_mux:LPM_MUX_component|mux_mne:auto_generated ; work         ;
;       |lpm_mux1:inst3|               ; 0 (0)             ; 1 (0)        ; 0           ; 0            ; 0       ; 0         ; 0    ; 0            ; |ArithmaticLogicUnit|ShiftFunction:inst3|lpm_mux1:inst3                                                  ; work         ;
;          |lpm_mux:LPM_MUX_component| ; 0 (0)             ; 1 (0)        ; 0           ; 0            ; 0       ; 0         ; 0    ; 0            ; |ArithmaticLogicUnit|ShiftFunction:inst3|lpm_mux1:inst3|lpm_mux:LPM_MUX_component                        ; work         ;
;             |mux_mne:auto_generated| ; 0 (0)             ; 1 (1)        ; 0           ; 0            ; 0       ; 0         ; 0    ; 0            ; |ArithmaticLogicUnit|ShiftFunction:inst3|lpm_mux1:inst3|lpm_mux:LPM_MUX_component|mux_mne:auto_generated ; work         ;
;       |lpm_mux1:inst|                ; 0 (0)             ; 1 (0)        ; 0           ; 0            ; 0       ; 0         ; 0    ; 0            ; |ArithmaticLogicUnit|ShiftFunction:inst3|lpm_mux1:inst                                                   ; work         ;
;          |lpm_mux:LPM_MUX_component| ; 0 (0)             ; 1 (0)        ; 0           ; 0            ; 0       ; 0         ; 0    ; 0            ; |ArithmaticLogicUnit|ShiftFunction:inst3|lpm_mux1:inst|lpm_mux:LPM_MUX_component                         ; work         ;
;             |mux_mne:auto_generated| ; 0 (0)             ; 1 (1)        ; 0           ; 0            ; 0       ; 0         ; 0    ; 0            ; |ArithmaticLogicUnit|ShiftFunction:inst3|lpm_mux1:inst|lpm_mux:LPM_MUX_component|mux_mne:auto_generated  ; work         ;
;    |lpm_mux0:inst|                   ; 24 (0)            ; 14 (0)       ; 0           ; 0            ; 0       ; 0         ; 0    ; 0            ; |ArithmaticLogicUnit|lpm_mux0:inst                                                                       ; work         ;
;       |lpm_mux:LPM_MUX_component|    ; 24 (0)            ; 14 (0)       ; 0           ; 0            ; 0       ; 0         ; 0    ; 0            ; |ArithmaticLogicUnit|lpm_mux0:inst|lpm_mux:LPM_MUX_component                                             ; work         ;
;          |mux_gpe:auto_generated|    ; 24 (24)           ; 14 (14)      ; 0           ; 0            ; 0       ; 0         ; 0    ; 0            ; |ArithmaticLogicUnit|lpm_mux0:inst|lpm_mux:LPM_MUX_component|mux_gpe:auto_generated                      ; work         ;
+--------------------------------------+-------------------+--------------+-------------+--------------+---------+-----------+------+--------------+----------------------------------------------------------------------------------------------------------+--------------+
Note: For table entries with two numbers listed, the numbers in parentheses indicate the number of resources of the given type used by the specific entity alone. The numbers listed outside of parentheses indicate the total resources of the given type used by the specific entity and all of its sub-entities in the hierarchy.


+------------------------------------------------------------------------------------------------------------------------------------------------------------------------------------------+
; Analysis & Synthesis IP Cores Summary                                                                                                                                                    ;
+--------+--------------+---------+--------------+--------------+---------------------------------------------------------+----------------------------------------------------------------+
; Vendor ; IP Core Name ; Version ; Release Date ; License Type ; Entity Instance                                         ; IP Include File                                                ;
+--------+--------------+---------+--------------+--------------+---------------------------------------------------------+----------------------------------------------------------------+
; Altera ; LPM_MUX      ; N/A     ; N/A          ; N/A          ; |ArithmaticLogicUnit|lpm_mux0:inst                      ; C:/Users/ABRA A5/Desktop/Queartus Projects/CA_ALU/lpm_mux0.tdf ;
; Altera ; LPM_MUX      ; N/A     ; N/A          ; N/A          ; |ArithmaticLogicUnit|ShiftFunction:inst3|lpm_mux1:inst  ; C:/Users/ABRA A5/Desktop/Queartus Projects/CA_ALU/lpm_mux1.tdf ;
; Altera ; LPM_MUX      ; N/A     ; N/A          ; N/A          ; |ArithmaticLogicUnit|ShiftFunction:inst3|lpm_mux1:inst1 ; C:/Users/ABRA A5/Desktop/Queartus Projects/CA_ALU/lpm_mux1.tdf ;
; Altera ; LPM_MUX      ; N/A     ; N/A          ; N/A          ; |ArithmaticLogicUnit|ShiftFunction:inst3|lpm_mux1:inst2 ; C:/Users/ABRA A5/Desktop/Queartus Projects/CA_ALU/lpm_mux1.tdf ;
; Altera ; LPM_MUX      ; N/A     ; N/A          ; N/A          ; |ArithmaticLogicUnit|ShiftFunction:inst3|lpm_mux1:inst3 ; C:/Users/ABRA A5/Desktop/Queartus Projects/CA_ALU/lpm_mux1.tdf ;
; Altera ; LPM_MUX      ; N/A     ; N/A          ; N/A          ; |ArithmaticLogicUnit|ShiftFunction:inst7|lpm_mux1:inst  ; C:/Users/ABRA A5/Desktop/Queartus Projects/CA_ALU/lpm_mux1.tdf ;
; Altera ; LPM_MUX      ; N/A     ; N/A          ; N/A          ; |ArithmaticLogicUnit|ShiftFunction:inst7|lpm_mux1:inst1 ; C:/Users/ABRA A5/Desktop/Queartus Projects/CA_ALU/lpm_mux1.tdf ;
; Altera ; LPM_MUX      ; N/A     ; N/A          ; N/A          ; |ArithmaticLogicUnit|ShiftFunction:inst7|lpm_mux1:inst2 ; C:/Users/ABRA A5/Desktop/Queartus Projects/CA_ALU/lpm_mux1.tdf ;
; Altera ; LPM_MUX      ; N/A     ; N/A          ; N/A          ; |ArithmaticLogicUnit|ShiftFunction:inst7|lpm_mux1:inst3 ; C:/Users/ABRA A5/Desktop/Queartus Projects/CA_ALU/lpm_mux1.tdf ;
+--------+--------------+---------+--------------+--------------+---------------------------------------------------------+----------------------------------------------------------------+


+-----------------------------------------------------------------------------------------------------------------------------------------------------------------------------------------------------------------------------------------+
; Registers Removed During Synthesis                                                                                                                                                                                                      ;
+--------------------------------------------------------------------------------------------------------------+--------------------------------------------------------------------------------------------------------------------------+
; Register name                                                                                                ; Reason for Removal                                                                                                       ;
+--------------------------------------------------------------------------------------------------------------+--------------------------------------------------------------------------------------------------------------------------+
; ShiftFunction:inst7|lpm_mux1:inst|lpm_mux:LPM_MUX_component|mux_mne:auto_generated|external_latency_ffsa[0]  ; Merged with ShiftFunction:inst3|lpm_mux1:inst2|lpm_mux:LPM_MUX_component|mux_mne:auto_generated|external_latency_ffsa[0] ;
; ShiftFunction:inst7|lpm_mux1:inst3|lpm_mux:LPM_MUX_component|mux_mne:auto_generated|external_latency_ffsa[0] ; Merged with ShiftFunction:inst3|lpm_mux1:inst1|lpm_mux:LPM_MUX_component|mux_mne:auto_generated|external_latency_ffsa[0] ;
; ShiftFunction:inst7|lpm_mux1:inst1|lpm_mux:LPM_MUX_component|mux_mne:auto_generated|external_latency_ffsa[0] ; Merged with ShiftFunction:inst3|lpm_mux1:inst3|lpm_mux:LPM_MUX_component|mux_mne:auto_generated|external_latency_ffsa[0] ;
; ShiftFunction:inst7|lpm_mux1:inst2|lpm_mux:LPM_MUX_component|mux_mne:auto_generated|external_latency_ffsa[0] ; Merged with ShiftFunction:inst3|lpm_mux1:inst|lpm_mux:LPM_MUX_component|mux_mne:auto_generated|external_latency_ffsa[0]  ;
; lpm_mux0:inst|lpm_mux:LPM_MUX_component|mux_gpe:auto_generated|dffe17                                        ; Merged with lpm_mux0:inst|lpm_mux:LPM_MUX_component|mux_gpe:auto_generated|dffe13                                        ;
; lpm_mux0:inst|lpm_mux:LPM_MUX_component|mux_gpe:auto_generated|dffe5                                         ; Merged with lpm_mux0:inst|lpm_mux:LPM_MUX_component|mux_gpe:auto_generated|dffe13                                        ;
; lpm_mux0:inst|lpm_mux:LPM_MUX_component|mux_gpe:auto_generated|dffe9                                         ; Merged with lpm_mux0:inst|lpm_mux:LPM_MUX_component|mux_gpe:auto_generated|dffe13                                        ;
; lpm_mux0:inst|lpm_mux:LPM_MUX_component|mux_gpe:auto_generated|dffe13                                        ; Stuck at GND due to stuck port data_in                                                                                   ;
; Total Number of Removed Registers = 8                                                                        ;                                                                                                                          ;
+--------------------------------------------------------------------------------------------------------------+--------------------------------------------------------------------------------------------------------------------------+


+------------------------------------------------------+
; General Register Statistics                          ;
+----------------------------------------------+-------+
; Statistic                                    ; Value ;
+----------------------------------------------+-------+
; Total registers                              ; 18    ;
; Number of registers using Synchronous Clear  ; 4     ;
; Number of registers using Synchronous Load   ; 0     ;
; Number of registers using Asynchronous Clear ; 0     ;
; Number of registers using Asynchronous Load  ; 0     ;
; Number of registers using Clock Enable       ; 0     ;
; Number of registers using Preset             ; 0     ;
+----------------------------------------------+-------+


+--------------------------------------------------------------------------------------+
; Parameter Settings for User Entity Instance: lpm_mux0:inst|lpm_mux:LPM_MUX_component ;
+------------------------+-------------+-----------------------------------------------+
; Parameter Name         ; Value       ; Type                                          ;
+------------------------+-------------+-----------------------------------------------+
; AUTO_CARRY_CHAINS      ; ON          ; AUTO_CARRY                                    ;
; IGNORE_CARRY_BUFFERS   ; OFF         ; IGNORE_CARRY                                  ;
; AUTO_CASCADE_CHAINS    ; ON          ; AUTO_CASCADE                                  ;
; IGNORE_CASCADE_BUFFERS ; OFF         ; IGNORE_CASCADE                                ;
; LPM_WIDTH              ; 4           ; Untyped                                       ;
; LPM_SIZE               ; 15          ; Untyped                                       ;
; LPM_WIDTHS             ; 4           ; Untyped                                       ;
; LPM_PIPELINE           ; 1           ; Untyped                                       ;
; CBXI_PARAMETER         ; mux_gpe     ; Untyped                                       ;
; DEVICE_FAMILY          ; Cyclone III ; Untyped                                       ;
+------------------------+-------------+-----------------------------------------------+
Note: In order to hide this table in the UI and the text report file, please set the "Show Parameter Settings in Synthesis Report" option in "Analysis and Synthesis Settings -> More Settings" to "Off".


+-----------------------------------------------------------------------------------------------------------+
; Parameter Settings for User Entity Instance: ShiftFunction:inst3|lpm_mux1:inst2|lpm_mux:LPM_MUX_component ;
+------------------------+-------------+--------------------------------------------------------------------+
; Parameter Name         ; Value       ; Type                                                               ;
+------------------------+-------------+--------------------------------------------------------------------+
; AUTO_CARRY_CHAINS      ; ON          ; AUTO_CARRY                                                         ;
; IGNORE_CARRY_BUFFERS   ; OFF         ; IGNORE_CARRY                                                       ;
; AUTO_CASCADE_CHAINS    ; ON          ; AUTO_CASCADE                                                       ;
; IGNORE_CASCADE_BUFFERS ; OFF         ; IGNORE_CASCADE                                                     ;
; LPM_WIDTH              ; 1           ; Untyped                                                            ;
; LPM_SIZE               ; 2           ; Untyped                                                            ;
; LPM_WIDTHS             ; 1           ; Untyped                                                            ;
; LPM_PIPELINE           ; 1           ; Untyped                                                            ;
; CBXI_PARAMETER         ; mux_mne     ; Untyped                                                            ;
; DEVICE_FAMILY          ; Cyclone III ; Untyped                                                            ;
+------------------------+-------------+--------------------------------------------------------------------+
Note: In order to hide this table in the UI and the text report file, please set the "Show Parameter Settings in Synthesis Report" option in "Analysis and Synthesis Settings -> More Settings" to "Off".


+-----------------------------------------------------------------------------------------------------------+
; Parameter Settings for User Entity Instance: ShiftFunction:inst3|lpm_mux1:inst1|lpm_mux:LPM_MUX_component ;
+------------------------+-------------+--------------------------------------------------------------------+
; Parameter Name         ; Value       ; Type                                                               ;
+------------------------+-------------+--------------------------------------------------------------------+
; AUTO_CARRY_CHAINS      ; ON          ; AUTO_CARRY                                                         ;
; IGNORE_CARRY_BUFFERS   ; OFF         ; IGNORE_CARRY                                                       ;
; AUTO_CASCADE_CHAINS    ; ON          ; AUTO_CASCADE                                                       ;
; IGNORE_CASCADE_BUFFERS ; OFF         ; IGNORE_CASCADE                                                     ;
; LPM_WIDTH              ; 1           ; Untyped                                                            ;
; LPM_SIZE               ; 2           ; Untyped                                                            ;
; LPM_WIDTHS             ; 1           ; Untyped                                                            ;
; LPM_PIPELINE           ; 1           ; Untyped                                                            ;
; CBXI_PARAMETER         ; mux_mne     ; Untyped                                                            ;
; DEVICE_FAMILY          ; Cyclone III ; Untyped                                                            ;
+------------------------+-------------+--------------------------------------------------------------------+
Note: In order to hide this table in the UI and the text report file, please set the "Show Parameter Settings in Synthesis Report" option in "Analysis and Synthesis Settings -> More Settings" to "Off".


+-----------------------------------------------------------------------------------------------------------+
; Parameter Settings for User Entity Instance: ShiftFunction:inst3|lpm_mux1:inst3|lpm_mux:LPM_MUX_component ;
+------------------------+-------------+--------------------------------------------------------------------+
; Parameter Name         ; Value       ; Type                                                               ;
+------------------------+-------------+--------------------------------------------------------------------+
; AUTO_CARRY_CHAINS      ; ON          ; AUTO_CARRY                                                         ;
; IGNORE_CARRY_BUFFERS   ; OFF         ; IGNORE_CARRY                                                       ;
; AUTO_CASCADE_CHAINS    ; ON          ; AUTO_CASCADE                                                       ;
; IGNORE_CASCADE_BUFFERS ; OFF         ; IGNORE_CASCADE                                                     ;
; LPM_WIDTH              ; 1           ; Untyped                                                            ;
; LPM_SIZE               ; 2           ; Untyped                                                            ;
; LPM_WIDTHS             ; 1           ; Untyped                                                            ;
; LPM_PIPELINE           ; 1           ; Untyped                                                            ;
; CBXI_PARAMETER         ; mux_mne     ; Untyped                                                            ;
; DEVICE_FAMILY          ; Cyclone III ; Untyped                                                            ;
+------------------------+-------------+--------------------------------------------------------------------+
Note: In order to hide this table in the UI and the text report file, please set the "Show Parameter Settings in Synthesis Report" option in "Analysis and Synthesis Settings -> More Settings" to "Off".


+----------------------------------------------------------------------------------------------------------+
; Parameter Settings for User Entity Instance: ShiftFunction:inst3|lpm_mux1:inst|lpm_mux:LPM_MUX_component ;
+------------------------+-------------+-------------------------------------------------------------------+
; Parameter Name         ; Value       ; Type                                                              ;
+------------------------+-------------+-------------------------------------------------------------------+
; AUTO_CARRY_CHAINS      ; ON          ; AUTO_CARRY                                                        ;
; IGNORE_CARRY_BUFFERS   ; OFF         ; IGNORE_CARRY                                                      ;
; AUTO_CASCADE_CHAINS    ; ON          ; AUTO_CASCADE                                                      ;
; IGNORE_CASCADE_BUFFERS ; OFF         ; IGNORE_CASCADE                                                    ;
; LPM_WIDTH              ; 1           ; Untyped                                                           ;
; LPM_SIZE               ; 2           ; Untyped                                                           ;
; LPM_WIDTHS             ; 1           ; Untyped                                                           ;
; LPM_PIPELINE           ; 1           ; Untyped                                                           ;
; CBXI_PARAMETER         ; mux_mne     ; Untyped                                                           ;
; DEVICE_FAMILY          ; Cyclone III ; Untyped                                                           ;
+------------------------+-------------+-------------------------------------------------------------------+
Note: In order to hide this table in the UI and the text report file, please set the "Show Parameter Settings in Synthesis Report" option in "Analysis and Synthesis Settings -> More Settings" to "Off".


+-----------------------------------------------------------------------------------------------------------+
; Parameter Settings for User Entity Instance: ShiftFunction:inst7|lpm_mux1:inst2|lpm_mux:LPM_MUX_component ;
+------------------------+-------------+--------------------------------------------------------------------+
; Parameter Name         ; Value       ; Type                                                               ;
+------------------------+-------------+--------------------------------------------------------------------+
; AUTO_CARRY_CHAINS      ; ON          ; AUTO_CARRY                                                         ;
; IGNORE_CARRY_BUFFERS   ; OFF         ; IGNORE_CARRY                                                       ;
; AUTO_CASCADE_CHAINS    ; ON          ; AUTO_CASCADE                                                       ;
; IGNORE_CASCADE_BUFFERS ; OFF         ; IGNORE_CASCADE                                                     ;
; LPM_WIDTH              ; 1           ; Untyped                                                            ;
; LPM_SIZE               ; 2           ; Untyped                                                            ;
; LPM_WIDTHS             ; 1           ; Untyped                                                            ;
; LPM_PIPELINE           ; 1           ; Untyped                                                            ;
; CBXI_PARAMETER         ; mux_mne     ; Untyped                                                            ;
; DEVICE_FAMILY          ; Cyclone III ; Untyped                                                            ;
+------------------------+-------------+--------------------------------------------------------------------+
Note: In order to hide this table in the UI and the text report file, please set the "Show Parameter Settings in Synthesis Report" option in "Analysis and Synthesis Settings -> More Settings" to "Off".


+-----------------------------------------------------------------------------------------------------------+
; Parameter Settings for User Entity Instance: ShiftFunction:inst7|lpm_mux1:inst1|lpm_mux:LPM_MUX_component ;
+------------------------+-------------+--------------------------------------------------------------------+
; Parameter Name         ; Value       ; Type                                                               ;
+------------------------+-------------+--------------------------------------------------------------------+
; AUTO_CARRY_CHAINS      ; ON          ; AUTO_CARRY                                                         ;
; IGNORE_CARRY_BUFFERS   ; OFF         ; IGNORE_CARRY                                                       ;
; AUTO_CASCADE_CHAINS    ; ON          ; AUTO_CASCADE                                                       ;
; IGNORE_CASCADE_BUFFERS ; OFF         ; IGNORE_CASCADE                                                     ;
; LPM_WIDTH              ; 1           ; Untyped                                                            ;
; LPM_SIZE               ; 2           ; Untyped                                                            ;
; LPM_WIDTHS             ; 1           ; Untyped                                                            ;
; LPM_PIPELINE           ; 1           ; Untyped                                                            ;
; CBXI_PARAMETER         ; mux_mne     ; Untyped                                                            ;
; DEVICE_FAMILY          ; Cyclone III ; Untyped                                                            ;
+------------------------+-------------+--------------------------------------------------------------------+
Note: In order to hide this table in the UI and the text report file, please set the "Show Parameter Settings in Synthesis Report" option in "Analysis and Synthesis Settings -> More Settings" to "Off".


+-----------------------------------------------------------------------------------------------------------+
; Parameter Settings for User Entity Instance: ShiftFunction:inst7|lpm_mux1:inst3|lpm_mux:LPM_MUX_component ;
+------------------------+-------------+--------------------------------------------------------------------+
; Parameter Name         ; Value       ; Type                                                               ;
+------------------------+-------------+--------------------------------------------------------------------+
; AUTO_CARRY_CHAINS      ; ON          ; AUTO_CARRY                                                         ;
; IGNORE_CARRY_BUFFERS   ; OFF         ; IGNORE_CARRY                                                       ;
; AUTO_CASCADE_CHAINS    ; ON          ; AUTO_CASCADE                                                       ;
; IGNORE_CASCADE_BUFFERS ; OFF         ; IGNORE_CASCADE                                                     ;
; LPM_WIDTH              ; 1           ; Untyped                                                            ;
; LPM_SIZE               ; 2           ; Untyped                                                            ;
; LPM_WIDTHS             ; 1           ; Untyped                                                            ;
; LPM_PIPELINE           ; 1           ; Untyped                                                            ;
; CBXI_PARAMETER         ; mux_mne     ; Untyped                                                            ;
; DEVICE_FAMILY          ; Cyclone III ; Untyped                                                            ;
+------------------------+-------------+--------------------------------------------------------------------+
Note: In order to hide this table in the UI and the text report file, please set the "Show Parameter Settings in Synthesis Report" option in "Analysis and Synthesis Settings -> More Settings" to "Off".


+----------------------------------------------------------------------------------------------------------+
; Parameter Settings for User Entity Instance: ShiftFunction:inst7|lpm_mux1:inst|lpm_mux:LPM_MUX_component ;
+------------------------+-------------+-------------------------------------------------------------------+
; Parameter Name         ; Value       ; Type                                                              ;
+------------------------+-------------+-------------------------------------------------------------------+
; AUTO_CARRY_CHAINS      ; ON          ; AUTO_CARRY                                                        ;
; IGNORE_CARRY_BUFFERS   ; OFF         ; IGNORE_CARRY                                                      ;
; AUTO_CASCADE_CHAINS    ; ON          ; AUTO_CASCADE                                                      ;
; IGNORE_CASCADE_BUFFERS ; OFF         ; IGNORE_CASCADE                                                    ;
; LPM_WIDTH              ; 1           ; Untyped                                                           ;
; LPM_SIZE               ; 2           ; Untyped                                                           ;
; LPM_WIDTHS             ; 1           ; Untyped                                                           ;
; LPM_PIPELINE           ; 1           ; Untyped                                                           ;
; CBXI_PARAMETER         ; mux_mne     ; Untyped                                                           ;
; DEVICE_FAMILY          ; Cyclone III ; Untyped                                                           ;
+------------------------+-------------+-------------------------------------------------------------------+
Note: In order to hide this table in the UI and the text report file, please set the "Show Parameter Settings in Synthesis Report" option in "Analysis and Synthesis Settings -> More Settings" to "Off".


+-------------------------------+
; Elapsed Time Per Partition    ;
+----------------+--------------+
; Partition Name ; Elapsed Time ;
+----------------+--------------+
; Top            ; 00:00:00     ;
+----------------+--------------+


+-------------------------------+
; Analysis & Synthesis Messages ;
+-------------------------------+
Info: *******************************************************************
Info: Running Quartus II 64-Bit Analysis & Synthesis
    Info: Version 13.0.1 Build 232 06/12/2013 Service Pack 1 SJ Web Edition
    Info: Processing started: Thu Apr 12 16:48:28 2018
Info: Command: quartus_map --read_settings_files=on --write_settings_files=off ArithmaticLogicUnit -c ArithmaticLogicUnit
Warning (20028): Parallel compilation is not licensed and has been disabled
Info (12021): Found 1 design units, including 1 entities, in source file arithmaticlogicunit.bdf
    Info (12023): Found entity 1: ArithmaticLogicUnit
Info (12021): Found 1 design units, including 1 entities, in source file fulladder.bdf
    Info (12023): Found entity 1: FullAdder
Info (12021): Found 1 design units, including 1 entities, in source file fourbitfulladder.bdf
    Info (12023): Found entity 1: FourBitFullAdder
Info (12021): Found 1 design units, including 1 entities, in source file shiftfunction.bdf
    Info (12023): Found entity 1: ShiftFunction
Info (12127): Elaborating entity "ArithmaticLogicUnit" for the top level hierarchy
Info (12128): Elaborating entity "FourBitFullAdder" for hierarchy "FourBitFullAdder:inst10"
Info (12128): Elaborating entity "FullAdder" for hierarchy "FourBitFullAdder:inst10|FullAdder:inst3"
Warning (12125): Using design file lpm_mux0.tdf, which is not specified as a design file for the current project, but contains definitions for 1 design units and 1 entities in project
    Info (12023): Found entity 1: lpm_mux0
Info (12128): Elaborating entity "lpm_mux0" for hierarchy "lpm_mux0:inst"
Info (12128): Elaborating entity "lpm_mux" for hierarchy "lpm_mux0:inst|lpm_mux:LPM_MUX_component"
Info (12130): Elaborated megafunction instantiation "lpm_mux0:inst|lpm_mux:LPM_MUX_component"
Info (12133): Instantiated megafunction "lpm_mux0:inst|lpm_mux:LPM_MUX_component" with the following parameter:
    Info (12134): Parameter "LPM_TYPE" = "LPM_MUX"
    Info (12134): Parameter "LPM_WIDTH" = "4"
    Info (12134): Parameter "LPM_SIZE" = "15"
    Info (12134): Parameter "LPM_WIDTHS" = "4"
    Info (12134): Parameter "LPM_PIPELINE" = "1"
Info (12021): Found 1 design units, including 1 entities, in source file db/mux_gpe.tdf
    Info (12023): Found entity 1: mux_gpe
Info (12128): Elaborating entity "mux_gpe" for hierarchy "lpm_mux0:inst|lpm_mux:LPM_MUX_component|mux_gpe:auto_generated"
Info (12128): Elaborating entity "ShiftFunction" for hierarchy "ShiftFunction:inst3"
Warning (12125): Using design file lpm_mux1.tdf, which is not specified as a design file for the current project, but contains definitions for 1 design units and 1 entities in project
    Info (12023): Found entity 1: lpm_mux1
Info (12128): Elaborating entity "lpm_mux1" for hierarchy "ShiftFunction:inst3|lpm_mux1:inst2"
Info (12128): Elaborating entity "lpm_mux" for hierarchy "ShiftFunction:inst3|lpm_mux1:inst2|lpm_mux:LPM_MUX_component"
Info (12130): Elaborated megafunction instantiation "ShiftFunction:inst3|lpm_mux1:inst2|lpm_mux:LPM_MUX_component"
Info (12133): Instantiated megafunction "ShiftFunction:inst3|lpm_mux1:inst2|lpm_mux:LPM_MUX_component" with the following parameter:
    Info (12134): Parameter "LPM_TYPE" = "LPM_MUX"
    Info (12134): Parameter "LPM_WIDTH" = "1"
    Info (12134): Parameter "LPM_SIZE" = "2"
    Info (12134): Parameter "LPM_WIDTHS" = "1"
    Info (12134): Parameter "LPM_PIPELINE" = "1"
Info (12021): Found 1 design units, including 1 entities, in source file db/mux_mne.tdf
    Info (12023): Found entity 1: mux_mne
Info (12128): Elaborating entity "mux_mne" for hierarchy "ShiftFunction:inst3|lpm_mux1:inst2|lpm_mux:LPM_MUX_component|mux_mne:auto_generated"
Info (286030): Timing-Driven Synthesis is running
Info (16010): Generating hard_block partition "hard_block:auto_generated_inst"
    Info (16011): Adding 0 node(s), including 0 DDIO, 0 PLL, 0 transceiver and 0 LCELL
Info (21057): Implemented 63 device resources after synthesis - the final resource count might be different
    Info (21058): Implemented 21 input pins
    Info (21059): Implemented 5 output pins
    Info (21061): Implemented 37 logic cells
Info: Quartus II 64-Bit Analysis & Synthesis was successful. 0 errors, 3 warnings
    Info: Peak virtual memory: 512 megabytes
    Info: Processing ended: Thu Apr 12 16:48:30 2018
    Info: Elapsed time: 00:00:02
    Info: Total CPU time (on all processors): 00:00:02


