Flow report for DEUSEM
Thu May 10 23:21:13 2018
Quartus II 64-Bit Version 13.0.1 Build 232 06/12/2013 Service Pack 1 SJ Web Edition


---------------------
; Table of Contents ;
---------------------
  1. Legal Notice
  2. Flow Summary
  3. Flow Settings
  4. Flow Non-Default Global Settings
  5. Flow Elapsed Time
  6. Flow OS Summary
  7. Flow Log
  8. Flow Messages
  9. Flow Suppressed Messages



----------------
; Legal Notice ;
----------------
Copyright (C) 1991-2013 Altera Corporation
Your use of Altera Corporation's design tools, logic functions 
and other software and tools, and its AMPP partner logic 
functions, and any output files from any of the foregoing 
(including device programming or simulation files), and any 
associated documentation or information are expressly subject 
to the terms and conditions of the Altera Program License 
Subscription Agreement, Altera MegaCore Function License 
Agreement, or other applicable license agreement, including, 
without limitation, that your use is for the sole purpose of 
programming logic devices manufactured by Altera and sold by 
Altera or its authorized distributors.  Please refer to the 
applicable agreement for further details.



+--------------------------------------------------------------------------------------+
; Flow Summary                                                                         ;
+------------------------------------+-------------------------------------------------+
; Flow Status                        ; Successful - Thu May 10 23:21:13 2018           ;
; Quartus II 64-Bit Version          ; 13.0.1 Build 232 06/12/2013 SP 1 SJ Web Edition ;
; Revision Name                      ; DEUSEM                                          ;
; Top-level Entity Name              ; Common_Bus_System                               ;
; Family                             ; Cyclone III                                     ;
; Device                             ; EP3C16F484C6                                    ;
; Timing Models                      ; Final                                           ;
; Total logic elements               ; 6 / 15,408 ( < 1 % )                            ;
;     Total combinational functions  ; 6 / 15,408 ( < 1 % )                            ;
;     Dedicated logic registers      ; 4 / 15,408 ( < 1 % )                            ;
; Total registers                    ; 4                                               ;
; Total pins                         ; 25 / 347 ( 7 % )                                ;
; Total virtual pins                 ; 0                                               ;
; Total memory bits                  ; 22 / 516,096 ( < 1 % )                          ;
; Embedded Multiplier 9-bit elements ; 0 / 112 ( 0 % )                                 ;
; Total PLLs                         ; 0 / 4 ( 0 % )                                   ;
+------------------------------------+-------------------------------------------------+


+-----------------------------------------+
; Flow Settings                           ;
+-------------------+---------------------+
; Option            ; Setting             ;
+-------------------+---------------------+
; Start date & time ; 05/10/2018 23:14:00 ;
; Main task         ; Compilation         ;
; Revision Name     ; DEUSEM              ;
+-------------------+---------------------+


+----------------------------------------------------------------------------------------------------------------------------+
; Flow Non-Default Global Settings                                                                                           ;
+-------------------------------------+---------------------------------+---------------+-------------------+----------------+
; Assignment Name                     ; Value                           ; Default Value ; Entity Name       ; Section Id     ;
+-------------------------------------+---------------------------------+---------------+-------------------+----------------+
; COMPILER_SIGNATURE_ID               ; 141812759035823.152598324007264 ; --            ; --                ; --             ;
; EDA_GENERATE_FUNCTIONAL_NETLIST     ; On                              ; --            ; --                ; eda_simulation ;
; EDA_OUTPUT_DATA_FORMAT              ; Verilog Hdl                     ; --            ; --                ; eda_simulation ;
; EDA_SIMULATION_TOOL                 ; ModelSim-Altera (Verilog)       ; <None>        ; --                ; --             ;
; IP_TOOL_NAME                        ; LPM_MUX                         ; --            ; --                ; --             ;
; IP_TOOL_NAME                        ; LPM_MUX                         ; --            ; --                ; --             ;
; IP_TOOL_NAME                        ; LPM_MUX                         ; --            ; --                ; --             ;
; IP_TOOL_NAME                        ; LPM_MUX                         ; --            ; --                ; --             ;
; IP_TOOL_NAME                        ; LPM_DECODE                      ; --            ; --                ; --             ;
; IP_TOOL_NAME                        ; LPM_DECODE                      ; --            ; --                ; --             ;
; IP_TOOL_NAME                        ; LPM_DECODE                      ; --            ; --                ; --             ;
; IP_TOOL_NAME                        ; LPM_DECODE                      ; --            ; --                ; --             ;
; IP_TOOL_NAME                        ; LPM_COUNTER                     ; --            ; --                ; --             ;
; IP_TOOL_NAME                        ; LPM_DECODE                      ; --            ; --                ; --             ;
; IP_TOOL_NAME                        ; LPM_DECODE                      ; --            ; --                ; --             ;
; IP_TOOL_VERSION                     ; 13.0                            ; --            ; --                ; --             ;
; IP_TOOL_VERSION                     ; 13.0                            ; --            ; --                ; --             ;
; IP_TOOL_VERSION                     ; 13.0                            ; --            ; --                ; --             ;
; IP_TOOL_VERSION                     ; 13.0                            ; --            ; --                ; --             ;
; IP_TOOL_VERSION                     ; 13.0                            ; --            ; --                ; --             ;
; IP_TOOL_VERSION                     ; 13.0                            ; --            ; --                ; --             ;
; IP_TOOL_VERSION                     ; 13.0                            ; --            ; --                ; --             ;
; IP_TOOL_VERSION                     ; 13.0                            ; --            ; --                ; --             ;
; IP_TOOL_VERSION                     ; 13.0                            ; --            ; --                ; --             ;
; IP_TOOL_VERSION                     ; 13.0                            ; --            ; --                ; --             ;
; IP_TOOL_VERSION                     ; 13.0                            ; --            ; --                ; --             ;
; MAX_CORE_JUNCTION_TEMP              ; 85                              ; --            ; --                ; --             ;
; MIN_CORE_JUNCTION_TEMP              ; 0                               ; --            ; --                ; --             ;
; MISC_FILE                           ; lpm_mux2.tdf                    ; --            ; --                ; --             ;
; MISC_FILE                           ; lpm_mux2.bsf                    ; --            ; --                ; --             ;
; MISC_FILE                           ; lpm_mux2.inc                    ; --            ; --                ; --             ;
; MISC_FILE                           ; lpm_mux3.tdf                    ; --            ; --                ; --             ;
; MISC_FILE                           ; lpm_mux3.bsf                    ; --            ; --                ; --             ;
; MISC_FILE                           ; lpm_mux3.inc                    ; --            ; --                ; --             ;
; MISC_FILE                           ; lpm_mux4.tdf                    ; --            ; --                ; --             ;
; MISC_FILE                           ; lpm_mux4.bsf                    ; --            ; --                ; --             ;
; MISC_FILE                           ; lpm_mux4.inc                    ; --            ; --                ; --             ;
; MISC_FILE                           ; lpm_mux5.tdf                    ; --            ; --                ; --             ;
; MISC_FILE                           ; lpm_mux5.bsf                    ; --            ; --                ; --             ;
; MISC_FILE                           ; lpm_mux5.inc                    ; --            ; --                ; --             ;
; MISC_FILE                           ; lpm_decode2.tdf                 ; --            ; --                ; --             ;
; MISC_FILE                           ; lpm_decode2.bsf                 ; --            ; --                ; --             ;
; MISC_FILE                           ; lpm_decode2.inc                 ; --            ; --                ; --             ;
; MISC_FILE                           ; lpm_decode3.tdf                 ; --            ; --                ; --             ;
; MISC_FILE                           ; lpm_decode3.bsf                 ; --            ; --                ; --             ;
; MISC_FILE                           ; lpm_decode3.inc                 ; --            ; --                ; --             ;
; MISC_FILE                           ; lpm_decode4.tdf                 ; --            ; --                ; --             ;
; MISC_FILE                           ; lpm_decode4.bsf                 ; --            ; --                ; --             ;
; MISC_FILE                           ; lpm_decode4.inc                 ; --            ; --                ; --             ;
; MISC_FILE                           ; lpm_decode5.tdf                 ; --            ; --                ; --             ;
; MISC_FILE                           ; lpm_decode5.bsf                 ; --            ; --                ; --             ;
; MISC_FILE                           ; lpm_decode5.inc                 ; --            ; --                ; --             ;
; MISC_FILE                           ; lpm_counter7.tdf                ; --            ; --                ; --             ;
; MISC_FILE                           ; lpm_counter7.bsf                ; --            ; --                ; --             ;
; MISC_FILE                           ; lpm_counter7.inc                ; --            ; --                ; --             ;
; MISC_FILE                           ; lpm_decode6.tdf                 ; --            ; --                ; --             ;
; MISC_FILE                           ; lpm_decode6.bsf                 ; --            ; --                ; --             ;
; MISC_FILE                           ; lpm_decode6.inc                 ; --            ; --                ; --             ;
; MISC_FILE                           ; lpm_decode7.tdf                 ; --            ; --                ; --             ;
; MISC_FILE                           ; lpm_decode7.bsf                 ; --            ; --                ; --             ;
; MISC_FILE                           ; lpm_decode7.inc                 ; --            ; --                ; --             ;
; NOMINAL_CORE_SUPPLY_VOLTAGE         ; 1.2V                            ; --            ; --                ; --             ;
; PARTITION_COLOR                     ; 16764057                        ; --            ; Common_Bus_System ; Top            ;
; PARTITION_FITTER_PRESERVATION_LEVEL ; PLACEMENT_AND_ROUTING           ; --            ; Common_Bus_System ; Top            ;
; PARTITION_NETLIST_TYPE              ; SOURCE                          ; --            ; Common_Bus_System ; Top            ;
; PROJECT_OUTPUT_DIRECTORY            ; output_files                    ; --            ; --                ; --             ;
; TOP_LEVEL_ENTITY                    ; Common_Bus_System               ; DEUSEM        ; --                ; --             ;
+-------------------------------------+---------------------------------+---------------+-------------------+----------------+


+-------------------------------------------------------------------------------------------------------------------------------+
; Flow Elapsed Time                                                                                                             ;
+---------------------------+--------------+-------------------------+---------------------+------------------------------------+
; Module Name               ; Elapsed Time ; Average Processors Used ; Peak Virtual Memory ; Total CPU Time (on all processors) ;
+---------------------------+--------------+-------------------------+---------------------+------------------------------------+
; Analysis & Synthesis      ; 00:00:03     ; 1.0                     ; 509 MB              ; 00:00:03                           ;
; Fitter                    ; 00:00:06     ; 1.0                     ; 763 MB              ; 00:00:06                           ;
; Assembler                 ; 00:00:02     ; 1.0                     ; 460 MB              ; 00:00:01                           ;
; TimeQuest Timing Analyzer ; 00:00:02     ; 1.0                     ; 498 MB              ; 00:00:02                           ;
; EDA Netlist Writer        ; 00:00:01     ; 1.0                     ; 417 MB              ; 00:00:00                           ;
; EDA Netlist Writer        ; 00:00:00     ; 1.0                     ; 425 MB              ; 00:00:01                           ;
; EDA Netlist Writer        ; 00:00:00     ; 1.0                     ; 425 MB              ; 00:00:01                           ;
; EDA Netlist Writer        ; 00:00:00     ; 1.0                     ; 425 MB              ; 00:00:01                           ;
; EDA Netlist Writer        ; 00:00:01     ; 1.0                     ; 425 MB              ; 00:00:01                           ;
; Total                     ; 00:00:15     ; --                      ; --                  ; 00:00:16                           ;
+---------------------------+--------------+-------------------------+---------------------+------------------------------------+


+----------------------------------------------------------------------------------------+
; Flow OS Summary                                                                        ;
+---------------------------+------------------+-----------+------------+----------------+
; Module Name               ; Machine Hostname ; OS Name   ; OS Version ; Processor type ;
+---------------------------+------------------+-----------+------------+----------------+
; Analysis & Synthesis      ; DESKTOP-MB24E8E  ; Windows 7 ; 6.2        ; x86_64         ;
; Fitter                    ; DESKTOP-MB24E8E  ; Windows 7 ; 6.2        ; x86_64         ;
; Assembler                 ; DESKTOP-MB24E8E  ; Windows 7 ; 6.2        ; x86_64         ;
; TimeQuest Timing Analyzer ; DESKTOP-MB24E8E  ; Windows 7 ; 6.2        ; x86_64         ;
; EDA Netlist Writer        ; DESKTOP-MB24E8E  ; Windows 7 ; 6.2        ; x86_64         ;
; EDA Netlist Writer        ; DESKTOP-MB24E8E  ; Windows 7 ; 6.2        ; x86_64         ;
; EDA Netlist Writer        ; DESKTOP-MB24E8E  ; Windows 7 ; 6.2        ; x86_64         ;
; EDA Netlist Writer        ; DESKTOP-MB24E8E  ; Windows 7 ; 6.2        ; x86_64         ;
; EDA Netlist Writer        ; DESKTOP-MB24E8E  ; Windows 7 ; 6.2        ; x86_64         ;
+---------------------------+------------------+-----------+------------+----------------+


------------
; Flow Log ;
------------
quartus_map --read_settings_files=on --write_settings_files=off DEUSEM -c DEUSEM
quartus_fit --read_settings_files=off --write_settings_files=off DEUSEM -c DEUSEM
quartus_asm --read_settings_files=off --write_settings_files=off DEUSEM -c DEUSEM
quartus_sta DEUSEM -c DEUSEM
quartus_eda --read_settings_files=off --write_settings_files=off DEUSEM -c DEUSEM
quartus_eda --gen_testbench --check_outputs=on --tool=modelsim_oem --format=verilog DEUSEM -c DEUSEM --vector_source="C:/Users/ABRA A5/Desktop/Queartus Projects/DEUSEM/Waveform.vwf" --testbench_file=./simulation/qsim/DEUSEM.vt
quartus_eda --functional=on --simulation=on --tool=modelsim_oem --format=verilog DEUSEM -c DEUSEM
quartus_eda --gen_testbench --check_outputs=on --tool=modelsim_oem --format=verilog DEUSEM -c DEUSEM --vector_source="C:/Users/ABRA A5/Desktop/Queartus Projects/DEUSEM/Waveform.vwf" --testbench_file=./simulation/qsim/DEUSEM.vt
quartus_eda --functional=on --simulation=on --tool=modelsim_oem --format=verilog DEUSEM -c DEUSEM



