Flow report for Common_Bus_System
Thu Apr 05 19:06:18 2018
Quartus II 64-Bit Version 13.0.1 Build 232 06/12/2013 Service Pack 1 SJ Web Edition


---------------------
; Table of Contents ;
---------------------
  1. Legal Notice
  2. Flow Summary
  3. Flow Settings
  4. Flow Non-Default Global Settings
  5. Flow Elapsed Time
  6. Flow OS Summary
  7. Flow Log
  8. Flow Messages
  9. Flow Suppressed Messages



----------------
; Legal Notice ;
----------------
Copyright (C) 1991-2013 Altera Corporation
Your use of Altera Corporation's design tools, logic functions 
and other software and tools, and its AMPP partner logic 
functions, and any output files from any of the foregoing 
(including device programming or simulation files), and any 
associated documentation or information are expressly subject 
to the terms and conditions of the Altera Program License 
Subscription Agreement, Altera MegaCore Function License 
Agreement, or other applicable license agreement, including, 
without limitation, that your use is for the sole purpose of 
programming logic devices manufactured by Altera and sold by 
Altera or its authorized distributors.  Please refer to the 
applicable agreement for further details.



+--------------------------------------------------------------------------------------+
; Flow Summary                                                                         ;
+------------------------------------+-------------------------------------------------+
; Flow Status                        ; Successful - Thu Apr 05 19:06:18 2018           ;
; Quartus II 64-Bit Version          ; 13.0.1 Build 232 06/12/2013 SP 1 SJ Web Edition ;
; Revision Name                      ; Common_Bus_System                               ;
; Top-level Entity Name              ; Common_Bus_System                               ;
; Family                             ; Cyclone III                                     ;
; Device                             ; EP3C16F484C6                                    ;
; Timing Models                      ; Final                                           ;
; Total logic elements               ; 64 / 15,408 ( < 1 % )                           ;
;     Total combinational functions  ; 64 / 15,408 ( < 1 % )                           ;
;     Dedicated logic registers      ; 40 / 15,408 ( < 1 % )                           ;
; Total registers                    ; 40                                              ;
; Total pins                         ; 30 / 347 ( 9 % )                                ;
; Total virtual pins                 ; 0                                               ;
; Total memory bits                  ; 96 / 516,096 ( < 1 % )                          ;
; Embedded Multiplier 9-bit elements ; 0 / 112 ( 0 % )                                 ;
; Total PLLs                         ; 0 / 4 ( 0 % )                                   ;
+------------------------------------+-------------------------------------------------+


+-----------------------------------------+
; Flow Settings                           ;
+-------------------+---------------------+
; Option            ; Setting             ;
+-------------------+---------------------+
; Start date & time ; 04/05/2018 19:01:00 ;
; Main task         ; Compilation         ;
; Revision Name     ; Common_Bus_System   ;
+-------------------+---------------------+


+----------------------------------------------------------------------------------------------------------------------+
; Flow Non-Default Global Settings                                                                                     ;
+-------------------------------------+---------------------------------+---------------+-------------+----------------+
; Assignment Name                     ; Value                           ; Default Value ; Entity Name ; Section Id     ;
+-------------------------------------+---------------------------------+---------------+-------------+----------------+
; COMPILER_SIGNATURE_ID               ; 141812759035823.152294406008560 ; --            ; --          ; --             ;
; EDA_GENERATE_FUNCTIONAL_NETLIST     ; On                              ; --            ; --          ; eda_simulation ;
; EDA_OUTPUT_DATA_FORMAT              ; Verilog Hdl                     ; --            ; --          ; eda_simulation ;
; EDA_SIMULATION_TOOL                 ; ModelSim-Altera (Verilog)       ; <None>        ; --          ; --             ;
; IP_TOOL_NAME                        ; LPM_MUX                         ; --            ; --          ; --             ;
; IP_TOOL_NAME                        ; LPM_COUNTER                     ; --            ; --          ; --             ;
; IP_TOOL_NAME                        ; LPM_COUNTER                     ; --            ; --          ; --             ;
; IP_TOOL_NAME                        ; LPM_COUNTER                     ; --            ; --          ; --             ;
; IP_TOOL_NAME                        ; LPM_COUNTER                     ; --            ; --          ; --             ;
; IP_TOOL_NAME                        ; LPM_COUNTER                     ; --            ; --          ; --             ;
; IP_TOOL_NAME                        ; LPM_COUNTER                     ; --            ; --          ; --             ;
; IP_TOOL_NAME                        ; LPM_COUNTER                     ; --            ; --          ; --             ;
; IP_TOOL_NAME                        ; LPM_DECODE                      ; --            ; --          ; --             ;
; IP_TOOL_NAME                        ; ROM: 1-PORT                     ; --            ; --          ; --             ;
; IP_TOOL_NAME                        ; RAM: 1-PORT                     ; --            ; --          ; --             ;
; IP_TOOL_NAME                        ; LPM_MUX                         ; --            ; --          ; --             ;
; IP_TOOL_NAME                        ; LPM_DECODE                      ; --            ; --          ; --             ;
; IP_TOOL_VERSION                     ; 13.0                            ; --            ; --          ; --             ;
; IP_TOOL_VERSION                     ; 13.0                            ; --            ; --          ; --             ;
; IP_TOOL_VERSION                     ; 13.0                            ; --            ; --          ; --             ;
; IP_TOOL_VERSION                     ; 13.0                            ; --            ; --          ; --             ;
; IP_TOOL_VERSION                     ; 13.0                            ; --            ; --          ; --             ;
; IP_TOOL_VERSION                     ; 13.0                            ; --            ; --          ; --             ;
; IP_TOOL_VERSION                     ; 13.0                            ; --            ; --          ; --             ;
; IP_TOOL_VERSION                     ; 13.0                            ; --            ; --          ; --             ;
; IP_TOOL_VERSION                     ; 13.0                            ; --            ; --          ; --             ;
; IP_TOOL_VERSION                     ; 13.0                            ; --            ; --          ; --             ;
; IP_TOOL_VERSION                     ; 13.0                            ; --            ; --          ; --             ;
; IP_TOOL_VERSION                     ; 13.0                            ; --            ; --          ; --             ;
; IP_TOOL_VERSION                     ; 13.0                            ; --            ; --          ; --             ;
; MAX_CORE_JUNCTION_TEMP              ; 85                              ; --            ; --          ; --             ;
; MIN_CORE_JUNCTION_TEMP              ; 0                               ; --            ; --          ; --             ;
; MISC_FILE                           ; lpm_mux0.tdf                    ; --            ; --          ; --             ;
; MISC_FILE                           ; lpm_mux0.bsf                    ; --            ; --          ; --             ;
; MISC_FILE                           ; lpm_mux0.inc                    ; --            ; --          ; --             ;
; MISC_FILE                           ; lpm_counter0.tdf                ; --            ; --          ; --             ;
; MISC_FILE                           ; lpm_counter0.bsf                ; --            ; --          ; --             ;
; MISC_FILE                           ; lpm_counter0.inc                ; --            ; --          ; --             ;
; MISC_FILE                           ; lpm_counter1.tdf                ; --            ; --          ; --             ;
; MISC_FILE                           ; lpm_counter1.bsf                ; --            ; --          ; --             ;
; MISC_FILE                           ; lpm_counter1.inc                ; --            ; --          ; --             ;
; MISC_FILE                           ; lpm_counter2.tdf                ; --            ; --          ; --             ;
; MISC_FILE                           ; lpm_counter2.bsf                ; --            ; --          ; --             ;
; MISC_FILE                           ; lpm_counter2.inc                ; --            ; --          ; --             ;
; MISC_FILE                           ; lpm_counter3.tdf                ; --            ; --          ; --             ;
; MISC_FILE                           ; lpm_counter3.bsf                ; --            ; --          ; --             ;
; MISC_FILE                           ; lpm_counter3.inc                ; --            ; --          ; --             ;
; MISC_FILE                           ; lpm_counter4.tdf                ; --            ; --          ; --             ;
; MISC_FILE                           ; lpm_counter4.bsf                ; --            ; --          ; --             ;
; MISC_FILE                           ; lpm_counter4.inc                ; --            ; --          ; --             ;
; MISC_FILE                           ; lpm_counter5.tdf                ; --            ; --          ; --             ;
; MISC_FILE                           ; lpm_counter5.bsf                ; --            ; --          ; --             ;
; MISC_FILE                           ; lpm_counter5.inc                ; --            ; --          ; --             ;
; MISC_FILE                           ; lpm_counter6.tdf                ; --            ; --          ; --             ;
; MISC_FILE                           ; lpm_counter6.bsf                ; --            ; --          ; --             ;
; MISC_FILE                           ; lpm_counter6.inc                ; --            ; --          ; --             ;
; MISC_FILE                           ; lpm_decode0.tdf                 ; --            ; --          ; --             ;
; MISC_FILE                           ; lpm_decode0.bsf                 ; --            ; --          ; --             ;
; MISC_FILE                           ; lpm_decode0.inc                 ; --            ; --          ; --             ;
; MISC_FILE                           ; CodeRom.tdf                     ; --            ; --          ; --             ;
; MISC_FILE                           ; CodeRom.bsf                     ; --            ; --          ; --             ;
; MISC_FILE                           ; CodeRom.inc                     ; --            ; --          ; --             ;
; MISC_FILE                           ; DataRam.tdf                     ; --            ; --          ; --             ;
; MISC_FILE                           ; DataRam.bsf                     ; --            ; --          ; --             ;
; MISC_FILE                           ; DataRam.inc                     ; --            ; --          ; --             ;
; MISC_FILE                           ; lpm_mux1.tdf                    ; --            ; --          ; --             ;
; MISC_FILE                           ; lpm_mux1.bsf                    ; --            ; --          ; --             ;
; MISC_FILE                           ; lpm_mux1.inc                    ; --            ; --          ; --             ;
; MISC_FILE                           ; lpm_decode1.tdf                 ; --            ; --          ; --             ;
; MISC_FILE                           ; lpm_decode1.bsf                 ; --            ; --          ; --             ;
; MISC_FILE                           ; lpm_decode1.inc                 ; --            ; --          ; --             ;
; NOMINAL_CORE_SUPPLY_VOLTAGE         ; 1.2V                            ; --            ; --          ; --             ;
; PARTITION_COLOR                     ; 16764057                        ; --            ; --          ; Top            ;
; PARTITION_FITTER_PRESERVATION_LEVEL ; PLACEMENT_AND_ROUTING           ; --            ; --          ; Top            ;
; PARTITION_NETLIST_TYPE              ; SOURCE                          ; --            ; --          ; Top            ;
; PROJECT_OUTPUT_DIRECTORY            ; output_files                    ; --            ; --          ; --             ;
+-------------------------------------+---------------------------------+---------------+-------------+----------------+


+-------------------------------------------------------------------------------------------------------------------------------+
; Flow Elapsed Time                                                                                                             ;
+---------------------------+--------------+-------------------------+---------------------+------------------------------------+
; Module Name               ; Elapsed Time ; Average Processors Used ; Peak Virtual Memory ; Total CPU Time (on all processors) ;
+---------------------------+--------------+-------------------------+---------------------+------------------------------------+
; Analysis & Synthesis      ; 00:00:02     ; 1.0                     ; 507 MB              ; 00:00:03                           ;
; Fitter                    ; 00:00:07     ; 1.0                     ; 767 MB              ; 00:00:07                           ;
; Assembler                 ; 00:00:01     ; 1.0                     ; 460 MB              ; 00:00:01                           ;
; TimeQuest Timing Analyzer ; 00:00:02     ; 1.0                     ; 497 MB              ; 00:00:02                           ;
; EDA Netlist Writer        ; 00:00:01     ; 1.0                     ; 416 MB              ; 00:00:00                           ;
; EDA Netlist Writer        ; 00:00:01     ; 1.0                     ; 424 MB              ; 00:00:01                           ;
; EDA Netlist Writer        ; 00:00:01     ; 1.0                     ; 424 MB              ; 00:00:01                           ;
; EDA Netlist Writer        ; 00:00:00     ; 1.0                     ; 424 MB              ; 00:00:01                           ;
; EDA Netlist Writer        ; 00:00:01     ; 1.0                     ; 424 MB              ; 00:00:01                           ;
; Total                     ; 00:00:16     ; --                      ; --                  ; 00:00:17                           ;
+---------------------------+--------------+-------------------------+---------------------+------------------------------------+


+----------------------------------------------------------------------------------------+
; Flow OS Summary                                                                        ;
+---------------------------+------------------+-----------+------------+----------------+
; Module Name               ; Machine Hostname ; OS Name   ; OS Version ; Processor type ;
+---------------------------+------------------+-----------+------------+----------------+
; Analysis & Synthesis      ; DESKTOP-MB24E8E  ; Windows 7 ; 6.2        ; x86_64         ;
; Fitter                    ; DESKTOP-MB24E8E  ; Windows 7 ; 6.2        ; x86_64         ;
; Assembler                 ; DESKTOP-MB24E8E  ; Windows 7 ; 6.2        ; x86_64         ;
; TimeQuest Timing Analyzer ; DESKTOP-MB24E8E  ; Windows 7 ; 6.2        ; x86_64         ;
; EDA Netlist Writer        ; DESKTOP-MB24E8E  ; Windows 7 ; 6.2        ; x86_64         ;
; EDA Netlist Writer        ; DESKTOP-MB24E8E  ; Windows 7 ; 6.2        ; x86_64         ;
; EDA Netlist Writer        ; DESKTOP-MB24E8E  ; Windows 7 ; 6.2        ; x86_64         ;
; EDA Netlist Writer        ; DESKTOP-MB24E8E  ; Windows 7 ; 6.2        ; x86_64         ;
; EDA Netlist Writer        ; DESKTOP-MB24E8E  ; Windows 7 ; 6.2        ; x86_64         ;
+---------------------------+------------------+-----------+------------+----------------+


------------
; Flow Log ;
------------
quartus_map --read_settings_files=on --write_settings_files=off Common_Bus_System -c Common_Bus_System
quartus_fit --read_settings_files=off --write_settings_files=off Common_Bus_System -c Common_Bus_System
quartus_asm --read_settings_files=off --write_settings_files=off Common_Bus_System -c Common_Bus_System
quartus_sta Common_Bus_System -c Common_Bus_System
quartus_eda --read_settings_files=off --write_settings_files=off Common_Bus_System -c Common_Bus_System
quartus_eda --gen_testbench --check_outputs=on --tool=modelsim_oem --format=verilog Common_Bus_System -c Common_Bus_System --vector_source="C:/Users/ABRA A5/Desktop/Queartus Projects/CA_Common_Bus_System/Waveform.vwf" --testbench_file=./simulation/qsim/Common_Bus_System.vt
quartus_eda --functional=on --simulation=on --tool=modelsim_oem --format=verilog Common_Bus_System -c Common_Bus_System
quartus_eda --gen_testbench --check_outputs=on --tool=modelsim_oem --format=verilog Common_Bus_System -c Common_Bus_System --vector_source="C:/Users/ABRA A5/Desktop/Queartus Projects/CA_Common_Bus_System/Waveform.vwf" --testbench_file=./simulation/qsim/Common_Bus_System.vt
quartus_eda --functional=on --simulation=on --tool=modelsim_oem --format=verilog Common_Bus_System -c Common_Bus_System



